<?xml version="1.0" encoding="UTF-8"?>
<!-- Generated by org.testng.reporters.JUnitReportReporter -->
<testsuite hostname="CBT-LAB-006" name="QSP.DemoA" tests="1" failures="0" timestamp="3 Feb 2018 10:35:30 GMT" time="17.749" errors="0">
  <testcase name="testA" time="17.749" classname="QSP.DemoA"/>
</testsuite> <!-- QSP.DemoA -->
